  [1m[36m (1.2ms)[0m  [1mCREATE TABLE "schema_migrations" ("version" varchar NOT NULL) [0m
  [1m[35m (0.0ms)[0m  select sqlite_version(*)
  [1m[36m (1.0ms)[0m  [1mCREATE UNIQUE INDEX "unique_schema_migrations" ON "schema_migrations" ("version")[0m
  [1m[35mActiveRecord::SchemaMigration Load (0.1ms)[0m  SELECT "schema_migrations".* FROM "schema_migrations"
  [1m[36mActiveRecord::SchemaMigration Load (0.1ms)[0m  [1mSELECT "schema_migrations".* FROM "schema_migrations"[0m
Migrating to CreatePosts (20151230232412)
  [1m[35m (0.1ms)[0m  begin transaction
  [1m[36m (0.4ms)[0m  [1mCREATE TABLE "posts" ("id" INTEGER PRIMARY KEY AUTOINCREMENT NOT NULL, "title" varchar, "description" text, "created_at" datetime NOT NULL, "updated_at" datetime NOT NULL) [0m
  [1m[35mSQL (0.2ms)[0m  INSERT INTO "schema_migrations" ("version") VALUES (?)  [["version", "20151230232412"]]
  [1m[36m (1.3ms)[0m  [1mcommit transaction[0m
  [1m[35mActiveRecord::SchemaMigration Load (0.1ms)[0m  SELECT "schema_migrations".* FROM "schema_migrations"
  [1m[35m (2.5ms)[0m  [1m[35mCREATE TABLE "ar_internal_metadata" ("key" varchar NOT NULL PRIMARY KEY, "value" varchar, "created_at" datetime NOT NULL, "updated_at" datetime NOT NULL)[0m
  [1m[36mActiveRecord::SchemaMigration Load (0.1ms)[0m  [1m[34mSELECT "schema_migrations".* FROM "schema_migrations"[0m
  [1m[36mActiveRecord::InternalMetadata Load (0.1ms)[0m  [1m[34mSELECT  "ar_internal_metadata".* FROM "ar_internal_metadata" WHERE "ar_internal_metadata"."key" = ? LIMIT ?[0m  [["key", "environment"], ["LIMIT", 1]]
  [1m[35m (0.0ms)[0m  [1m[36mbegin transaction[0m
  [1m[35mSQL (0.3ms)[0m  [1m[32mINSERT INTO "ar_internal_metadata" ("key", "value", "created_at", "updated_at") VALUES (?, ?, ?, ?)[0m  [["key", "environment"], ["value", "development"], ["created_at", "2019-04-05 18:42:56.731303"], ["updated_at", "2019-04-05 18:42:56.731303"]]
  [1m[35m (0.9ms)[0m  [1m[36mcommit transaction[0m
  [1m[36mActiveRecord::SchemaMigration Load (0.1ms)[0m  [1m[34mSELECT "schema_migrations".* FROM "schema_migrations"[0m
  [1m[36mActiveRecord::SchemaMigration Load (0.1ms)[0m  [1m[34mSELECT "schema_migrations".* FROM "schema_migrations"[0m
Started GET "/" for ::1 at 2019-04-05 15:00:42 -0400
  [1m[36mActiveRecord::SchemaMigration Load (0.1ms)[0m  [1m[34mSELECT "schema_migrations".* FROM "schema_migrations"[0m
Processing by Rails::WelcomeController#index as HTML
  Parameters: {"internal"=>true}
  Rendering /Users/johnpena/.rvm/gems/ruby-2.6.2/gems/railties-5.0.7.1/lib/rails/templates/rails/welcome/index.html.erb
  Rendered /Users/johnpena/.rvm/gems/ruby-2.6.2/gems/railties-5.0.7.1/lib/rails/templates/rails/welcome/index.html.erb (3.0ms)
Completed 200 OK in 14ms (Views: 6.7ms | ActiveRecord: 0.0ms)


Started GET "/index" for ::1 at 2019-04-05 15:00:48 -0400
  
ActionController::RoutingError (No route matches [GET] "/index"):
  
actionpack (5.0.7.1) lib/action_dispatch/middleware/debug_exceptions.rb:53:in `call'
actionpack (5.0.7.1) lib/action_dispatch/middleware/show_exceptions.rb:31:in `call'
railties (5.0.7.1) lib/rails/rack/logger.rb:36:in `call_app'
railties (5.0.7.1) lib/rails/rack/logger.rb:24:in `block in call'
activesupport (5.0.7.1) lib/active_support/tagged_logging.rb:69:in `block in tagged'
activesupport (5.0.7.1) lib/active_support/tagged_logging.rb:26:in `tagged'
activesupport (5.0.7.1) lib/active_support/tagged_logging.rb:69:in `tagged'
railties (5.0.7.1) lib/rails/rack/logger.rb:24:in `call'
sprockets-rails (3.2.1) lib/sprockets/rails/quiet_assets.rb:13:in `call'
actionpack (5.0.7.1) lib/action_dispatch/middleware/request_id.rb:24:in `call'
rack (2.0.6) lib/rack/method_override.rb:22:in `call'
rack (2.0.6) lib/rack/runtime.rb:22:in `call'
activesupport (5.0.7.1) lib/active_support/cache/strategy/local_cache_middleware.rb:28:in `call'
actionpack (5.0.7.1) lib/action_dispatch/middleware/executor.rb:12:in `call'
actionpack (5.0.7.1) lib/action_dispatch/middleware/static.rb:136:in `call'
rack (2.0.6) lib/rack/sendfile.rb:111:in `call'
railties (5.0.7.1) lib/rails/engine.rb:522:in `call'
rack (2.0.6) lib/rack/handler/webrick.rb:86:in `service'
/Users/johnpena/.rvm/rubies/ruby-2.6.2/lib/ruby/2.6.0/webrick/httpserver.rb:140:in `service'
/Users/johnpena/.rvm/rubies/ruby-2.6.2/lib/ruby/2.6.0/webrick/httpserver.rb:96:in `run'
/Users/johnpena/.rvm/rubies/ruby-2.6.2/lib/ruby/2.6.0/webrick/server.rb:307:in `block in start_thread'
  Rendering /Users/johnpena/.rvm/gems/ruby-2.6.2/gems/actionpack-5.0.7.1/lib/action_dispatch/middleware/templates/rescues/routing_error.html.erb within rescues/layout
  Rendering /Users/johnpena/.rvm/gems/ruby-2.6.2/gems/actionpack-5.0.7.1/lib/action_dispatch/middleware/templates/rescues/_trace.html.erb
  Rendered /Users/johnpena/.rvm/gems/ruby-2.6.2/gems/actionpack-5.0.7.1/lib/action_dispatch/middleware/templates/rescues/_trace.html.erb (1.0ms)
  Rendered collection of /Users/johnpena/.rvm/gems/ruby-2.6.2/gems/actionpack-5.0.7.1/lib/action_dispatch/middleware/templates/routes/_route.html.erb [2 times] (1.4ms)
  Rendered /Users/johnpena/.rvm/gems/ruby-2.6.2/gems/actionpack-5.0.7.1/lib/action_dispatch/middleware/templates/routes/_table.html.erb (7.1ms)
  Rendering /Users/johnpena/.rvm/gems/ruby-2.6.2/gems/actionpack-5.0.7.1/lib/action_dispatch/middleware/templates/rescues/_request_and_response.html.erb
  Rendered /Users/johnpena/.rvm/gems/ruby-2.6.2/gems/actionpack-5.0.7.1/lib/action_dispatch/middleware/templates/rescues/_request_and_response.html.erb (1.0ms)
  Rendered /Users/johnpena/.rvm/gems/ruby-2.6.2/gems/actionpack-5.0.7.1/lib/action_dispatch/middleware/templates/rescues/routing_error.html.erb within rescues/layout (33.9ms)
Started GET "/posts" for ::1 at 2019-04-05 15:00:55 -0400
Processing by PostsController#index as HTML
  Rendering posts/index.html.erb within layouts/application
  [1m[36mPost Load (0.1ms)[0m  [1m[34mSELECT "posts".* FROM "posts"[0m
  Rendered posts/index.html.erb within layouts/application (1.6ms)
Completed 200 OK in 329ms (Views: 326.0ms | ActiveRecord: 0.3ms)


Started GET "/posts/2" for ::1 at 2019-04-05 15:01:00 -0400
Processing by PostsController#show as HTML
  Parameters: {"id"=>"2"}
  [1m[36mPost Load (0.2ms)[0m  [1m[34mSELECT  "posts".* FROM "posts" WHERE "posts"."id" = ? LIMIT ?[0m  [["id", 2], ["LIMIT", 1]]
Completed 404 Not Found in 3ms (ActiveRecord: 0.5ms)


  
ActiveRecord::RecordNotFound (Couldn't find Post with 'id'=2):
  
app/controllers/posts_controller.rb:7:in `show'
  Rendering /Users/johnpena/.rvm/gems/ruby-2.6.2/gems/actionpack-5.0.7.1/lib/action_dispatch/middleware/templates/rescues/diagnostics.html.erb within rescues/layout
  Rendering /Users/johnpena/.rvm/gems/ruby-2.6.2/gems/actionpack-5.0.7.1/lib/action_dispatch/middleware/templates/rescues/_source.html.erb
  Rendered /Users/johnpena/.rvm/gems/ruby-2.6.2/gems/actionpack-5.0.7.1/lib/action_dispatch/middleware/templates/rescues/_source.html.erb (6.6ms)
  Rendering /Users/johnpena/.rvm/gems/ruby-2.6.2/gems/actionpack-5.0.7.1/lib/action_dispatch/middleware/templates/rescues/_trace.html.erb
  Rendered /Users/johnpena/.rvm/gems/ruby-2.6.2/gems/actionpack-5.0.7.1/lib/action_dispatch/middleware/templates/rescues/_trace.html.erb (4.1ms)
  Rendering /Users/johnpena/.rvm/gems/ruby-2.6.2/gems/actionpack-5.0.7.1/lib/action_dispatch/middleware/templates/rescues/_request_and_response.html.erb
  Rendered /Users/johnpena/.rvm/gems/ruby-2.6.2/gems/actionpack-5.0.7.1/lib/action_dispatch/middleware/templates/rescues/_request_and_response.html.erb (1.9ms)
  Rendered /Users/johnpena/.rvm/gems/ruby-2.6.2/gems/actionpack-5.0.7.1/lib/action_dispatch/middleware/templates/rescues/diagnostics.html.erb within rescues/layout (25.6ms)
Started GET "/posts/" for ::1 at 2019-04-05 15:01:04 -0400
Processing by PostsController#index as HTML
  Rendering posts/index.html.erb within layouts/application
  [1m[36mPost Load (0.2ms)[0m  [1m[34mSELECT "posts".* FROM "posts"[0m
  Rendered posts/index.html.erb within layouts/application (2.2ms)
Completed 200 OK in 26ms (Views: 24.6ms | ActiveRecord: 0.2ms)


  [1m[36mPost Load (1.5ms)[0m  [1m[34mSELECT "posts".* FROM "posts"[0m
  [1m[36mPost Load (1.3ms)[0m  [1m[34mSELECT "posts".* FROM "posts"[0m
  [1m[36mActiveRecord::SchemaMigration Load (0.1ms)[0m  [1m[34mSELECT "schema_migrations".* FROM "schema_migrations"[0m
  [1m[35m (0.0ms)[0m  [1m[36mbegin transaction[0m
  [1m[35mSQL (0.4ms)[0m  [1m[32mINSERT INTO "posts" ("title", "description", "created_at", "updated_at") VALUES (?, ?, ?, ?)[0m  [["title", "ThisBlod"], ["description", "EPLURJEJNJNEJNjenJNDJNWjdnjwnDJNWJdnkld"], ["created_at", "2019-04-05 19:09:14.209553"], ["updated_at", "2019-04-05 19:09:14.209553"]]
  [1m[35m (3.1ms)[0m  [1m[36mcommit transaction[0m
  [1m[35m (0.0ms)[0m  [1m[36mbegin transaction[0m
  [1m[35mSQL (0.3ms)[0m  [1m[32mINSERT INTO "posts" ("title", "description", "created_at", "updated_at") VALUES (?, ?, ?, ?)[0m  [["title", "That Dj"], ["description", "nejnfunklmei0j 2kok 3 kmkmc23 m"], ["created_at", "2019-04-05 19:09:14.214277"], ["updated_at", "2019-04-05 19:09:14.214277"]]
  [1m[35m (0.6ms)[0m  [1m[36mcommit transaction[0m
  [1m[35m (0.0ms)[0m  [1m[36mbegin transaction[0m
  [1m[35mSQL (0.2ms)[0m  [1m[32mINSERT INTO "posts" ("title", "description", "created_at", "updated_at") VALUES (?, ?, ?, ?)[0m  [["title", "Tiesto Club Life"], ["description", "Club life teisto This abkejewnwpe cwemwelk kewm"], ["created_at", "2019-04-05 19:09:14.216006"], ["updated_at", "2019-04-05 19:09:14.216006"]]
  [1m[35m (0.5ms)[0m  [1m[36mcommit transaction[0m
  [1m[36mActiveRecord::SchemaMigration Load (0.1ms)[0m  [1m[34mSELECT "schema_migrations".* FROM "schema_migrations"[0m
  [1m[35m (0.0ms)[0m  [1m[36mbegin transaction[0m
  [1m[35mSQL (1.3ms)[0m  [1m[32mINSERT INTO "posts" ("title", "description", "created_at", "updated_at") VALUES (?, ?, ?, ?)[0m  [["title", "ThisBlod"], ["description", "EPLURJEJNJNEJNjenJNDJNWjdnjwnDJNWJdnkld"], ["created_at", "2019-04-05 19:10:42.765916"], ["updated_at", "2019-04-05 19:10:42.765916"]]
  [1m[35m (3.1ms)[0m  [1m[36mcommit transaction[0m
  [1m[35m (0.0ms)[0m  [1m[36mbegin transaction[0m
  [1m[35mSQL (0.2ms)[0m  [1m[32mINSERT INTO "posts" ("title", "description", "created_at", "updated_at") VALUES (?, ?, ?, ?)[0m  [["title", "That Dj"], ["description", "nejnfunklmei0j 2kok 3 kmkmc23 m"], ["created_at", "2019-04-05 19:10:42.771672"], ["updated_at", "2019-04-05 19:10:42.771672"]]
  [1m[35m (0.6ms)[0m  [1m[36mcommit transaction[0m
  [1m[35m (0.0ms)[0m  [1m[36mbegin transaction[0m
  [1m[35mSQL (0.2ms)[0m  [1m[32mINSERT INTO "posts" ("title", "description", "created_at", "updated_at") VALUES (?, ?, ?, ?)[0m  [["title", "Tiesto Club Life"], ["description", "Club life teisto This abkejewnwpe cwemwelk kewm"], ["created_at", "2019-04-05 19:10:42.773404"], ["updated_at", "2019-04-05 19:10:42.773404"]]
  [1m[35m (0.5ms)[0m  [1m[36mcommit transaction[0m
  [1m[36mPost Load (1.5ms)[0m  [1m[34mSELECT "posts".* FROM "posts"[0m
  [1m[36mPost Load (0.2ms)[0m  [1m[34mSELECT  "posts".* FROM "posts" ORDER BY "posts"."id" ASC LIMIT ?[0m  [["LIMIT", 1]]
Started GET "/posts" for ::1 at 2019-04-05 15:11:15 -0400
  [1m[36mActiveRecord::SchemaMigration Load (0.2ms)[0m  [1m[34mSELECT "schema_migrations".* FROM "schema_migrations"[0m
Processing by PostsController#index as HTML
  Rendering posts/index.html.erb within layouts/application
  [1m[36mPost Load (0.2ms)[0m  [1m[34mSELECT "posts".* FROM "posts"[0m
  Rendered posts/index.html.erb within layouts/application (9.2ms)
Completed 200 OK in 181ms (Views: 172.1ms | ActiveRecord: 0.6ms)


Started GET "/posts/2" for ::1 at 2019-04-05 15:11:19 -0400
Processing by PostsController#show as HTML
  Parameters: {"id"=>"2"}
  [1m[36mPost Load (0.4ms)[0m  [1m[34mSELECT  "posts".* FROM "posts" WHERE "posts"."id" = ? LIMIT ?[0m  [["id", 2], ["LIMIT", 1]]
  Rendering posts/show.html.erb within layouts/application
  Rendered posts/show.html.erb within layouts/application (0.4ms)
Completed 200 OK in 52ms (Views: 47.8ms | ActiveRecord: 0.4ms)


Started GET "/posts/6" for ::1 at 2019-04-05 15:11:21 -0400
Processing by PostsController#show as HTML
  Parameters: {"id"=>"6"}
  [1m[36mPost Load (0.2ms)[0m  [1m[34mSELECT  "posts".* FROM "posts" WHERE "posts"."id" = ? LIMIT ?[0m  [["id", 6], ["LIMIT", 1]]
  Rendering posts/show.html.erb within layouts/application
  Rendered posts/show.html.erb within layouts/application (0.5ms)
Completed 200 OK in 12ms (Views: 10.4ms | ActiveRecord: 0.2ms)


  [1m[36mActiveRecord::SchemaMigration Load (0.1ms)[0m  [1m[34mSELECT "schema_migrations".* FROM "schema_migrations"[0m
  [1m[36mPost Load (0.1ms)[0m  [1m[34mSELECT "posts".* FROM "posts"[0m
  [1m[35m (0.1ms)[0m  [1m[36mbegin transaction[0m
  [1m[35mSQL (0.4ms)[0m  [1m[31mDELETE FROM "posts" WHERE "posts"."id" = ?[0m  [["id", 1]]
  [1m[35m (2.8ms)[0m  [1m[36mcommit transaction[0m
  [1m[35m (0.1ms)[0m  [1m[36mbegin transaction[0m
  [1m[35mSQL (0.2ms)[0m  [1m[31mDELETE FROM "posts" WHERE "posts"."id" = ?[0m  [["id", 2]]
  [1m[35m (0.6ms)[0m  [1m[36mcommit transaction[0m
  [1m[35m (0.0ms)[0m  [1m[36mbegin transaction[0m
  [1m[35mSQL (0.2ms)[0m  [1m[31mDELETE FROM "posts" WHERE "posts"."id" = ?[0m  [["id", 3]]
  [1m[35m (0.5ms)[0m  [1m[36mcommit transaction[0m
  [1m[35m (0.0ms)[0m  [1m[36mbegin transaction[0m
  [1m[35mSQL (0.3ms)[0m  [1m[31mDELETE FROM "posts" WHERE "posts"."id" = ?[0m  [["id", 4]]
  [1m[35m (0.5ms)[0m  [1m[36mcommit transaction[0m
  [1m[35m (0.0ms)[0m  [1m[36mbegin transaction[0m
  [1m[35mSQL (0.2ms)[0m  [1m[31mDELETE FROM "posts" WHERE "posts"."id" = ?[0m  [["id", 5]]
  [1m[35m (1.9ms)[0m  [1m[36mcommit transaction[0m
  [1m[35m (0.0ms)[0m  [1m[36mbegin transaction[0m
  [1m[35mSQL (0.2ms)[0m  [1m[31mDELETE FROM "posts" WHERE "posts"."id" = ?[0m  [["id", 6]]
  [1m[35m (0.5ms)[0m  [1m[36mcommit transaction[0m
  [1m[35m (0.0ms)[0m  [1m[36mbegin transaction[0m
  [1m[35mSQL (0.3ms)[0m  [1m[32mINSERT INTO "posts" ("title", "description", "created_at", "updated_at") VALUES (?, ?, ?, ?)[0m  [["title", "ThisBlod"], ["description", "EPLURJEJNJNEJNjenJNDJNWjdnjwnDJNWJdnkld"], ["created_at", "2019-04-05 19:11:53.078930"], ["updated_at", "2019-04-05 19:11:53.078930"]]
  [1m[35m (0.6ms)[0m  [1m[36mcommit transaction[0m
  [1m[35m (0.0ms)[0m  [1m[36mbegin transaction[0m
  [1m[35mSQL (0.3ms)[0m  [1m[32mINSERT INTO "posts" ("title", "description", "created_at", "updated_at") VALUES (?, ?, ?, ?)[0m  [["title", "That Dj"], ["description", "nejnfunklmei0j 2kok 3 kmkmc23 m"], ["created_at", "2019-04-05 19:11:53.081913"], ["updated_at", "2019-04-05 19:11:53.081913"]]
  [1m[35m (0.6ms)[0m  [1m[36mcommit transaction[0m
  [1m[35m (0.0ms)[0m  [1m[36mbegin transaction[0m
  [1m[35mSQL (0.3ms)[0m  [1m[32mINSERT INTO "posts" ("title", "description", "created_at", "updated_at") VALUES (?, ?, ?, ?)[0m  [["title", "Tiesto Club Life"], ["description", "Club life teisto This abkejewnwpe cwemwelk kewm"], ["created_at", "2019-04-05 19:11:53.083698"], ["updated_at", "2019-04-05 19:11:53.083698"]]
  [1m[35m (0.7ms)[0m  [1m[36mcommit transaction[0m
Started GET "/posts" for ::1 at 2019-04-05 15:11:59 -0400
  [1m[36mActiveRecord::SchemaMigration Load (0.1ms)[0m  [1m[34mSELECT "schema_migrations".* FROM "schema_migrations"[0m
Processing by PostsController#index as HTML
  Rendering posts/index.html.erb within layouts/application
  [1m[36mPost Load (0.1ms)[0m  [1m[34mSELECT "posts".* FROM "posts"[0m
  Rendered posts/index.html.erb within layouts/application (8.3ms)
Completed 200 OK in 185ms (Views: 176.6ms | ActiveRecord: 0.6ms)


Started GET "/posts/2" for ::1 at 2019-04-05 15:12:07 -0400
Processing by PostsController#show as HTML
  Parameters: {"id"=>"2"}
  [1m[36mPost Load (0.1ms)[0m  [1m[34mSELECT  "posts".* FROM "posts" WHERE "posts"."id" = ? LIMIT ?[0m  [["id", 2], ["LIMIT", 1]]
Completed 404 Not Found in 3ms (ActiveRecord: 0.1ms)


  
ActiveRecord::RecordNotFound (Couldn't find Post with 'id'=2):
  
app/controllers/posts_controller.rb:7:in `show'
  Rendering /Users/johnpena/.rvm/gems/ruby-2.6.2/gems/actionpack-5.0.7.1/lib/action_dispatch/middleware/templates/rescues/diagnostics.html.erb within rescues/layout
  Rendering /Users/johnpena/.rvm/gems/ruby-2.6.2/gems/actionpack-5.0.7.1/lib/action_dispatch/middleware/templates/rescues/_source.html.erb
  Rendered /Users/johnpena/.rvm/gems/ruby-2.6.2/gems/actionpack-5.0.7.1/lib/action_dispatch/middleware/templates/rescues/_source.html.erb (11.8ms)
  Rendering /Users/johnpena/.rvm/gems/ruby-2.6.2/gems/actionpack-5.0.7.1/lib/action_dispatch/middleware/templates/rescues/_trace.html.erb
  Rendered /Users/johnpena/.rvm/gems/ruby-2.6.2/gems/actionpack-5.0.7.1/lib/action_dispatch/middleware/templates/rescues/_trace.html.erb (2.0ms)
  Rendering /Users/johnpena/.rvm/gems/ruby-2.6.2/gems/actionpack-5.0.7.1/lib/action_dispatch/middleware/templates/rescues/_request_and_response.html.erb
  Rendered /Users/johnpena/.rvm/gems/ruby-2.6.2/gems/actionpack-5.0.7.1/lib/action_dispatch/middleware/templates/rescues/_request_and_response.html.erb (1.0ms)
  Rendered /Users/johnpena/.rvm/gems/ruby-2.6.2/gems/actionpack-5.0.7.1/lib/action_dispatch/middleware/templates/rescues/diagnostics.html.erb within rescues/layout (27.6ms)
Started GET "/posts/1" for ::1 at 2019-04-05 15:12:11 -0400
Processing by PostsController#show as HTML
  Parameters: {"id"=>"1"}
  [1m[36mPost Load (0.1ms)[0m  [1m[34mSELECT  "posts".* FROM "posts" WHERE "posts"."id" = ? LIMIT ?[0m  [["id", 1], ["LIMIT", 1]]
Completed 404 Not Found in 1ms (ActiveRecord: 0.1ms)


  
ActiveRecord::RecordNotFound (Couldn't find Post with 'id'=1):
  
app/controllers/posts_controller.rb:7:in `show'
  Rendering /Users/johnpena/.rvm/gems/ruby-2.6.2/gems/actionpack-5.0.7.1/lib/action_dispatch/middleware/templates/rescues/diagnostics.html.erb within rescues/layout
  Rendering /Users/johnpena/.rvm/gems/ruby-2.6.2/gems/actionpack-5.0.7.1/lib/action_dispatch/middleware/templates/rescues/_source.html.erb
  Rendered /Users/johnpena/.rvm/gems/ruby-2.6.2/gems/actionpack-5.0.7.1/lib/action_dispatch/middleware/templates/rescues/_source.html.erb (2.4ms)
  Rendering /Users/johnpena/.rvm/gems/ruby-2.6.2/gems/actionpack-5.0.7.1/lib/action_dispatch/middleware/templates/rescues/_trace.html.erb
  Rendered /Users/johnpena/.rvm/gems/ruby-2.6.2/gems/actionpack-5.0.7.1/lib/action_dispatch/middleware/templates/rescues/_trace.html.erb (1.7ms)
  Rendering /Users/johnpena/.rvm/gems/ruby-2.6.2/gems/actionpack-5.0.7.1/lib/action_dispatch/middleware/templates/rescues/_request_and_response.html.erb
  Rendered /Users/johnpena/.rvm/gems/ruby-2.6.2/gems/actionpack-5.0.7.1/lib/action_dispatch/middleware/templates/rescues/_request_and_response.html.erb (0.8ms)
  Rendered /Users/johnpena/.rvm/gems/ruby-2.6.2/gems/actionpack-5.0.7.1/lib/action_dispatch/middleware/templates/rescues/diagnostics.html.erb within rescues/layout (16.8ms)
Started GET "/posts/1=6" for ::1 at 2019-04-05 15:12:15 -0400
Processing by PostsController#show as HTML
  Parameters: {"id"=>"1=6"}
  [1m[36mPost Load (0.1ms)[0m  [1m[34mSELECT  "posts".* FROM "posts" WHERE "posts"."id" = ? LIMIT ?[0m  [["id", 1], ["LIMIT", 1]]
Completed 404 Not Found in 1ms (ActiveRecord: 0.1ms)


  
ActiveRecord::RecordNotFound (Couldn't find Post with 'id'=1=6):
  
app/controllers/posts_controller.rb:7:in `show'
  Rendering /Users/johnpena/.rvm/gems/ruby-2.6.2/gems/actionpack-5.0.7.1/lib/action_dispatch/middleware/templates/rescues/diagnostics.html.erb within rescues/layout
  Rendering /Users/johnpena/.rvm/gems/ruby-2.6.2/gems/actionpack-5.0.7.1/lib/action_dispatch/middleware/templates/rescues/_source.html.erb
  Rendered /Users/johnpena/.rvm/gems/ruby-2.6.2/gems/actionpack-5.0.7.1/lib/action_dispatch/middleware/templates/rescues/_source.html.erb (2.7ms)
  Rendering /Users/johnpena/.rvm/gems/ruby-2.6.2/gems/actionpack-5.0.7.1/lib/action_dispatch/middleware/templates/rescues/_trace.html.erb
  Rendered /Users/johnpena/.rvm/gems/ruby-2.6.2/gems/actionpack-5.0.7.1/lib/action_dispatch/middleware/templates/rescues/_trace.html.erb (1.5ms)
  Rendering /Users/johnpena/.rvm/gems/ruby-2.6.2/gems/actionpack-5.0.7.1/lib/action_dispatch/middleware/templates/rescues/_request_and_response.html.erb
  Rendered /Users/johnpena/.rvm/gems/ruby-2.6.2/gems/actionpack-5.0.7.1/lib/action_dispatch/middleware/templates/rescues/_request_and_response.html.erb (0.7ms)
  Rendered /Users/johnpena/.rvm/gems/ruby-2.6.2/gems/actionpack-5.0.7.1/lib/action_dispatch/middleware/templates/rescues/diagnostics.html.erb within rescues/layout (16.5ms)
Started GET "/posts/6" for ::1 at 2019-04-05 15:12:19 -0400
Processing by PostsController#show as HTML
  Parameters: {"id"=>"6"}
  [1m[36mPost Load (0.1ms)[0m  [1m[34mSELECT  "posts".* FROM "posts" WHERE "posts"."id" = ? LIMIT ?[0m  [["id", 6], ["LIMIT", 1]]
Completed 404 Not Found in 1ms (ActiveRecord: 0.1ms)


  
ActiveRecord::RecordNotFound (Couldn't find Post with 'id'=6):
  
app/controllers/posts_controller.rb:7:in `show'
  Rendering /Users/johnpena/.rvm/gems/ruby-2.6.2/gems/actionpack-5.0.7.1/lib/action_dispatch/middleware/templates/rescues/diagnostics.html.erb within rescues/layout
  Rendering /Users/johnpena/.rvm/gems/ruby-2.6.2/gems/actionpack-5.0.7.1/lib/action_dispatch/middleware/templates/rescues/_source.html.erb
  Rendered /Users/johnpena/.rvm/gems/ruby-2.6.2/gems/actionpack-5.0.7.1/lib/action_dispatch/middleware/templates/rescues/_source.html.erb (2.7ms)
  Rendering /Users/johnpena/.rvm/gems/ruby-2.6.2/gems/actionpack-5.0.7.1/lib/action_dispatch/middleware/templates/rescues/_trace.html.erb
  Rendered /Users/johnpena/.rvm/gems/ruby-2.6.2/gems/actionpack-5.0.7.1/lib/action_dispatch/middleware/templates/rescues/_trace.html.erb (1.3ms)
  Rendering /Users/johnpena/.rvm/gems/ruby-2.6.2/gems/actionpack-5.0.7.1/lib/action_dispatch/middleware/templates/rescues/_request_and_response.html.erb
  Rendered /Users/johnpena/.rvm/gems/ruby-2.6.2/gems/actionpack-5.0.7.1/lib/action_dispatch/middleware/templates/rescues/_request_and_response.html.erb (0.8ms)
  Rendered /Users/johnpena/.rvm/gems/ruby-2.6.2/gems/actionpack-5.0.7.1/lib/action_dispatch/middleware/templates/rescues/diagnostics.html.erb within rescues/layout (16.2ms)
Started GET "/posts/7" for ::1 at 2019-04-05 15:12:53 -0400
Processing by PostsController#show as HTML
  Parameters: {"id"=>"7"}
  [1m[36mPost Load (0.1ms)[0m  [1m[34mSELECT  "posts".* FROM "posts" WHERE "posts"."id" = ? LIMIT ?[0m  [["id", 7], ["LIMIT", 1]]
  Rendering posts/show.html.erb within layouts/application
  Rendered posts/show.html.erb within layouts/application (0.5ms)
Completed 200 OK in 16ms (Views: 13.9ms | ActiveRecord: 0.1ms)


Started GET "/" for ::1 at 2019-04-05 15:12:58 -0400
Processing by Rails::WelcomeController#index as HTML
  Parameters: {"internal"=>true}
  Rendering /Users/johnpena/.rvm/gems/ruby-2.6.2/gems/railties-5.0.7.1/lib/rails/templates/rails/welcome/index.html.erb
  Rendered /Users/johnpena/.rvm/gems/ruby-2.6.2/gems/railties-5.0.7.1/lib/rails/templates/rails/welcome/index.html.erb (2.6ms)
Completed 200 OK in 5ms (Views: 3.6ms | ActiveRecord: 0.0ms)


Started GET "/posts" for ::1 at 2019-04-05 15:13:04 -0400
Processing by PostsController#index as HTML
  Rendering posts/index.html.erb within layouts/application
  [1m[36mPost Load (0.2ms)[0m  [1m[34mSELECT "posts".* FROM "posts"[0m
  Rendered posts/index.html.erb within layouts/application (1.2ms)
Completed 200 OK in 12ms (Views: 10.6ms | ActiveRecord: 0.2ms)


Started GET "/posts" for ::1 at 2019-04-05 15:13:25 -0400
Processing by PostsController#index as HTML
  Rendering posts/index.html.erb within layouts/application
  [1m[36mPost Load (0.2ms)[0m  [1m[34mSELECT "posts".* FROM "posts"[0m
  Rendered posts/index.html.erb within layouts/application (1.1ms)
Completed 200 OK in 12ms (Views: 10.6ms | ActiveRecord: 0.2ms)


Started GET "/posts/8" for ::1 at 2019-04-05 15:13:27 -0400
Processing by PostsController#show as HTML
  Parameters: {"id"=>"8"}
  [1m[36mPost Load (0.1ms)[0m  [1m[34mSELECT  "posts".* FROM "posts" WHERE "posts"."id" = ? LIMIT ?[0m  [["id", 8], ["LIMIT", 1]]
  Rendering posts/show.html.erb within layouts/application
  Rendered posts/show.html.erb within layouts/application (0.5ms)
Completed 200 OK in 14ms (Views: 11.9ms | ActiveRecord: 0.1ms)


Started GET "/posts/9" for ::1 at 2019-04-05 15:13:29 -0400
Processing by PostsController#show as HTML
  Parameters: {"id"=>"9"}
  [1m[36mPost Load (0.1ms)[0m  [1m[34mSELECT  "posts".* FROM "posts" WHERE "posts"."id" = ? LIMIT ?[0m  [["id", 9], ["LIMIT", 1]]
  Rendering posts/show.html.erb within layouts/application
  Rendered posts/show.html.erb within layouts/application (0.4ms)
Completed 200 OK in 13ms (Views: 11.5ms | ActiveRecord: 0.1ms)


Started GET "/posts/9" for ::1 at 2019-04-05 15:13:31 -0400
Processing by PostsController#show as HTML
  Parameters: {"id"=>"9"}
  [1m[36mPost Load (0.2ms)[0m  [1m[34mSELECT  "posts".* FROM "posts" WHERE "posts"."id" = ? LIMIT ?[0m  [["id", 9], ["LIMIT", 1]]
  Rendering posts/show.html.erb within layouts/application
  Rendered posts/show.html.erb within layouts/application (0.7ms)
Completed 200 OK in 14ms (Views: 11.7ms | ActiveRecord: 0.2ms)


Started GET "/posts/9" for ::1 at 2019-04-05 15:17:05 -0400
  [1m[36mActiveRecord::SchemaMigration Load (0.2ms)[0m  [1m[34mSELECT "schema_migrations".* FROM "schema_migrations"[0m
Processing by PostsController#show as HTML
  Parameters: {"id"=>"9"}
  [1m[36mPost Load (0.1ms)[0m  [1m[34mSELECT  "posts".* FROM "posts" WHERE "posts"."id" = ? LIMIT ?[0m  [["id", 9], ["LIMIT", 1]]
  Rendering posts/show.html.erb within layouts/application
  Rendered posts/show.html.erb within layouts/application (4.4ms)
Completed 200 OK in 188ms (Views: 173.4ms | ActiveRecord: 0.6ms)


Started GET "/posts/9" for ::1 at 2019-04-05 15:17:08 -0400
Processing by PostsController#show as HTML
  Parameters: {"id"=>"9"}
  [1m[36mPost Load (0.4ms)[0m  [1m[34mSELECT  "posts".* FROM "posts" WHERE "posts"."id" = ? LIMIT ?[0m  [["id", 9], ["LIMIT", 1]]
  Rendering posts/show.html.erb within layouts/application
  Rendered posts/show.html.erb within layouts/application (0.7ms)
Completed 200 OK in 49ms (Views: 47.0ms | ActiveRecord: 0.4ms)


Started GET "/posts/9" for ::1 at 2019-04-05 15:17:11 -0400
Processing by PostsController#show as HTML
  Parameters: {"id"=>"9"}
  [1m[36mPost Load (0.2ms)[0m  [1m[34mSELECT  "posts".* FROM "posts" WHERE "posts"."id" = ? LIMIT ?[0m  [["id", 9], ["LIMIT", 1]]
  Rendering posts/show.html.erb within layouts/application
  Rendered posts/show.html.erb within layouts/application (0.8ms)
Completed 200 OK in 17ms (Views: 14.6ms | ActiveRecord: 0.2ms)


Started GET "/posts/9" for ::1 at 2019-04-05 15:17:11 -0400
Processing by PostsController#show as HTML
  Parameters: {"id"=>"9"}
  [1m[36mPost Load (0.1ms)[0m  [1m[34mSELECT  "posts".* FROM "posts" WHERE "posts"."id" = ? LIMIT ?[0m  [["id", 9], ["LIMIT", 1]]
  Rendering posts/show.html.erb within layouts/application
  Rendered posts/show.html.erb within layouts/application (0.7ms)
Completed 200 OK in 12ms (Views: 10.8ms | ActiveRecord: 0.1ms)


Started GET "/posts/9" for ::1 at 2019-04-05 15:17:11 -0400
Processing by PostsController#show as HTML
  Parameters: {"id"=>"9"}
  [1m[36mPost Load (0.2ms)[0m  [1m[34mSELECT  "posts".* FROM "posts" WHERE "posts"."id" = ? LIMIT ?[0m  [["id", 9], ["LIMIT", 1]]
  Rendering posts/show.html.erb within layouts/application
  Rendered posts/show.html.erb within layouts/application (0.8ms)
Completed 200 OK in 13ms (Views: 10.9ms | ActiveRecord: 0.2ms)


Started GET "/posts/9" for ::1 at 2019-04-05 15:17:11 -0400
Processing by PostsController#show as HTML
  Parameters: {"id"=>"9"}
  [1m[36mPost Load (0.1ms)[0m  [1m[34mSELECT  "posts".* FROM "posts" WHERE "posts"."id" = ? LIMIT ?[0m  [["id", 9], ["LIMIT", 1]]
  Rendering posts/show.html.erb within layouts/application
  Rendered posts/show.html.erb within layouts/application (0.6ms)
Completed 200 OK in 27ms (Views: 25.2ms | ActiveRecord: 0.1ms)


Started GET "/posts/9" for ::1 at 2019-04-05 15:17:13 -0400
Processing by PostsController#show as HTML
  Parameters: {"id"=>"9"}
  [1m[36mPost Load (0.2ms)[0m  [1m[34mSELECT  "posts".* FROM "posts" WHERE "posts"."id" = ? LIMIT ?[0m  [["id", 9], ["LIMIT", 1]]
  Rendering posts/show.html.erb within layouts/application
  Rendered posts/show.html.erb within layouts/application (1.0ms)
Completed 200 OK in 21ms (Views: 18.8ms | ActiveRecord: 0.2ms)


Started GET "/posts/9" for ::1 at 2019-04-05 15:17:34 -0400
Processing by PostsController#show as HTML
  Parameters: {"id"=>"9"}
  [1m[36mPost Load (0.1ms)[0m  [1m[34mSELECT  "posts".* FROM "posts" WHERE "posts"."id" = ? LIMIT ?[0m  [["id", 9], ["LIMIT", 1]]
  Rendering posts/show.html.erb within layouts/application
  Rendered posts/show.html.erb within layouts/application (1.7ms)
Completed 200 OK in 32ms (Views: 29.3ms | ActiveRecord: 0.1ms)


Started GET "/posts/9" for ::1 at 2019-04-05 15:17:37 -0400
Processing by PostsController#show as HTML
  Parameters: {"id"=>"9"}
  [1m[36mPost Load (0.1ms)[0m  [1m[34mSELECT  "posts".* FROM "posts" WHERE "posts"."id" = ? LIMIT ?[0m  [["id", 9], ["LIMIT", 1]]
  Rendering posts/show.html.erb within layouts/application
  Rendered posts/show.html.erb within layouts/application (0.8ms)
Completed 200 OK in 34ms (Views: 31.7ms | ActiveRecord: 0.1ms)


Started GET "/posts/9" for ::1 at 2019-04-05 15:17:45 -0400
Processing by PostsController#show as HTML
  Parameters: {"id"=>"9"}
  [1m[36mPost Load (0.1ms)[0m  [1m[34mSELECT  "posts".* FROM "posts" WHERE "posts"."id" = ? LIMIT ?[0m  [["id", 9], ["LIMIT", 1]]
  Rendering posts/show.html.erb within layouts/application
  Rendered posts/show.html.erb within layouts/application (0.7ms)
Completed 200 OK in 12ms (Views: 10.2ms | ActiveRecord: 0.1ms)


Started GET "/posts/9" for ::1 at 2019-04-05 15:18:03 -0400
Processing by PostsController#show as HTML
  Parameters: {"id"=>"9"}
  [1m[36mPost Load (0.2ms)[0m  [1m[34mSELECT  "posts".* FROM "posts" WHERE "posts"."id" = ? LIMIT ?[0m  [["id", 9], ["LIMIT", 1]]
  Rendering posts/show.html.erb within layouts/application
  Rendered posts/show.html.erb within layouts/application (12.6ms)
Completed 500 Internal Server Error in 16ms (ActiveRecord: 0.2ms)


  
ActionView::Template::Error (undefined method `index' for #<#<Class:0x00007fbfc831f6e8>:0x00007fbfc7c357b0>):
    1: <h1><%= @post.title %></h1>
    2: <p><%= @post.description %></p>
    3: 
    4: <%= link_to index posts_path %>
  
app/views/posts/show.html.erb:4:in `_app_views_posts_show_html_erb__1855026180454835417_70230833476840'
  Rendering /Users/johnpena/.rvm/gems/ruby-2.6.2/gems/actionpack-5.0.7.1/lib/action_dispatch/middleware/templates/rescues/template_error.html.erb within rescues/layout
  Rendering /Users/johnpena/.rvm/gems/ruby-2.6.2/gems/actionpack-5.0.7.1/lib/action_dispatch/middleware/templates/rescues/_source.html.erb
  Rendered /Users/johnpena/.rvm/gems/ruby-2.6.2/gems/actionpack-5.0.7.1/lib/action_dispatch/middleware/templates/rescues/_source.html.erb (3.6ms)
  Rendering /Users/johnpena/.rvm/gems/ruby-2.6.2/gems/actionpack-5.0.7.1/lib/action_dispatch/middleware/templates/rescues/_trace.html.erb
  Rendered /Users/johnpena/.rvm/gems/ruby-2.6.2/gems/actionpack-5.0.7.1/lib/action_dispatch/middleware/templates/rescues/_trace.html.erb (1.6ms)
  Rendering /Users/johnpena/.rvm/gems/ruby-2.6.2/gems/actionpack-5.0.7.1/lib/action_dispatch/middleware/templates/rescues/_request_and_response.html.erb
  Rendered /Users/johnpena/.rvm/gems/ruby-2.6.2/gems/actionpack-5.0.7.1/lib/action_dispatch/middleware/templates/rescues/_request_and_response.html.erb (0.7ms)
  Rendered /Users/johnpena/.rvm/gems/ruby-2.6.2/gems/actionpack-5.0.7.1/lib/action_dispatch/middleware/templates/rescues/template_error.html.erb within rescues/layout (16.9ms)
Started GET "/posts/9" for ::1 at 2019-04-05 15:18:28 -0400
Processing by PostsController#show as HTML
  Parameters: {"id"=>"9"}
  [1m[36mPost Load (0.1ms)[0m  [1m[34mSELECT  "posts".* FROM "posts" WHERE "posts"."id" = ? LIMIT ?[0m  [["id", 9], ["LIMIT", 1]]
  Rendering posts/show.html.erb within layouts/application
  Rendered posts/show.html.erb within layouts/application (0.5ms)
Completed 200 OK in 12ms (Views: 10.6ms | ActiveRecord: 0.1ms)


